2020-03-06T03:34:24+00:00 CRITICAL Maximum execution time of 30 seconds exceeded dans C:\xampp\htdocs\wordpress\wp-content\plugins\elementor\includes\managers\icons.php à la ligne 7

2020-03-06T03:35:02+00:00 CRITICAL Maximum execution time of 30 seconds exceeded dans C:\xampp\htdocs\wordpress\wp-includes\wp-db.php à la ligne 2030

2020-03-06T03:35:22+00:00 CRITICAL Maximum execution time of 30 seconds exceeded dans C:\xampp\htdocs\wordpress\wp-includes\Requests\Transport\cURL.php à la ligne 163

2020-03-06T03:47:18+00:00 CRITICAL Maximum execution time of 30 seconds exceeded dans C:\xampp\htdocs\wordpress\wp-content\plugins\elementor\includes\controls\base-multiple.php à la ligne 59

2020-03-06T07:11:04+00:00 CRITICAL Maximum execution time of 30 seconds exceeded dans C:\xampp\htdocs\wordpress\wp-content\plugins\elementor\includes\autoloader.php à la ligne 225

2020-03-06T07:11:13+00:00 CRITICAL Maximum execution time of 30 seconds exceeded dans C:\xampp\htdocs\wordpress\wp-content\plugins\woocommerce\packages\woocommerce-blocks\src\BlockTypes\ProductsByAttribute.php à la ligne 10

2020-03-06T07:11:18+00:00 CRITICAL Maximum execution time of 30 seconds exceeded dans C:\xampp\htdocs\wordpress\wp-admin\includes\update.php à la ligne 14

2020-03-06T07:12:23+00:00 CRITICAL Maximum execution time of 30 seconds exceeded dans C:\xampp\htdocs\wordpress\wp-content\themes\specia\inc\widget\widget_feature.php à la ligne 4

2020-03-06T07:12:23+00:00 CRITICAL Maximum execution time of 30 seconds exceeded dans C:\xampp\htdocs\wordpress\wp-content\themes\specia\inc\widget\widget_feature.php à la ligne 4

2020-03-06T07:14:18+00:00 CRITICAL Maximum execution time of 30 seconds exceeded dans C:\xampp\htdocs\wordpress\wp-includes\pomo\mo.php à la ligne 281

2020-03-06T07:14:18+00:00 CRITICAL Maximum execution time of 30 seconds exceeded dans C:\xampp\htdocs\wordpress\wp-includes\l10n.php à la ligne 654

2020-03-06T07:14:18+00:00 CRITICAL Maximum execution time of 30 seconds exceeded dans C:\xampp\htdocs\wordpress\wp-includes\pomo\streams.php à la ligne 163

2020-03-06T07:14:18+00:00 CRITICAL Maximum execution time of 30 seconds exceeded dans C:\xampp\htdocs\wordpress\wp-includes\pomo\streams.php à la ligne 196

2020-03-06T07:14:30+00:00 CRITICAL Maximum execution time of 30 seconds exceeded dans C:\xampp\htdocs\wordpress\wp-content\plugins\elementor\includes\frontend.php à la ligne 13

2020-03-06T07:14:30+00:00 CRITICAL Maximum execution time of 30 seconds exceeded dans C:\xampp\htdocs\wordpress\wp-content\plugins\elementor\includes\settings\settings.php à la ligne 9

2020-03-06T07:14:30+00:00 CRITICAL Maximum execution time of 30 seconds exceeded dans C:\xampp\htdocs\wordpress\wp-content\plugins\elementor\includes\preview.php à la ligne 4

2020-03-06T07:14:31+00:00 CRITICAL Maximum execution time of 30 seconds exceeded dans C:\xampp\htdocs\wordpress\wp-content\plugins\elementor\includes\settings\settings.php à la ligne 9

2020-03-06T07:14:31+00:00 CRITICAL Maximum execution time of 30 seconds exceeded dans C:\xampp\htdocs\wordpress\wp-content\plugins\elementor\includes\settings\settings.php à la ligne 9

2020-03-06T07:14:32+00:00 CRITICAL Maximum execution time of 30 seconds exceeded dans C:\xampp\htdocs\wordpress\wp-content\plugins\elementor\includes\api.php à la ligne 4

2020-03-06T07:17:46+00:00 CRITICAL Maximum execution time of 30 seconds exceeded dans C:\xampp\htdocs\wordpress\wp-content\plugins\elementor\includes\template-library\sources\local.php à la ligne 13

2020-03-06T07:17:46+00:00 CRITICAL Maximum execution time of 30 seconds exceeded dans C:\xampp\htdocs\wordpress\wp-content\plugins\elementor\includes\template-library\sources\remote.php à la ligne 7

2020-03-06T07:18:14+00:00 CRITICAL Maximum execution time of 30 seconds exceeded dans C:\xampp\htdocs\wordpress\wp-content\plugins\elementor\includes\autoloader.php à la ligne 225

2020-03-06T07:18:16+00:00 CRITICAL Maximum execution time of 30 seconds exceeded dans C:\xampp\htdocs\wordpress\wp-includes\wp-db.php à la ligne 2030

2020-03-06T07:18:19+00:00 CRITICAL Maximum execution time of 30 seconds exceeded dans C:\xampp\htdocs\wordpress\wp-admin\includes\class-wp-privacy-policy-content.php à la ligne 10

2020-03-06T07:18:44+00:00 CRITICAL Maximum execution time of 30 seconds exceeded dans C:\xampp\htdocs\wordpress\wp-content\plugins\elementor\core\files\base.php à la ligne 188

2020-03-06T07:19:19+00:00 CRITICAL Maximum execution time of 30 seconds exceeded dans C:\xampp\htdocs\wordpress\wp-includes\wp-db.php à la ligne 2030

2020-03-06T07:20:37+00:00 CRITICAL Maximum execution time of 30 seconds exceeded dans C:\xampp\htdocs\wordpress\wp-content\plugins\elementor\includes\controls\textarea.php à la ligne 6

2020-03-06T08:04:12+00:00 CRITICAL Maximum execution time of 30 seconds exceeded dans C:\xampp\htdocs\wordpress\wp-content\plugins\woocommerce-checkout-manager\includes\controller\class-wooccm-field.php à la ligne 3

2020-03-06T08:04:18+00:00 CRITICAL Maximum execution time of 30 seconds exceeded dans C:\xampp\htdocs\wordpress\wp-includes\wp-db.php à la ligne 2030

2020-03-06T09:46:18+00:00 CRITICAL Maximum execution time of 30 seconds exceeded dans C:\xampp\htdocs\wordpress\wp-content\plugins\woocommerce\includes\libraries\action-scheduler\classes\ActionScheduler_Abstract_QueueRunner.php à la ligne 6

